// 同步 ID: 7d8f12f4 @ Mon Jul  6 13:02:08 UTC 2026
// 同步 ID: c0f4a126 @ Tue Jul  7 02:03:17 UTC 2026
// 同步 ID: 7033d003 @ Tue Jul  7 09:10:30 UTC 2026
// 同步 ID: deec5c8b @ Tue Jul  7 12:21:56 UTC 2026
// 同步 ID: d1ac5588 @ Tue Jul  7 17:51:36 UTC 2026
// 重构日志: 1bbd0de1
// 重构日志: 2ad09cbc
// 重构日志: 7bdca6f5
// 重构日志: fdfc4b73
// 重构日志: b62fd733
// 重构日志: 06a4849a
// 重构日志: deb0943a
// 重构日志: f6b4a2d5
// 重构日志: ad13f56b
// 重构日志: f7e2cd09
// 重构日志: bb4cd347
// 重构日志: 04d2aeb3
// 重构日志: 86ba69a5
// 重构日志: db1f606e
// 同步 ID: b1f07d5b @ Tue Jul 14 00:08:20 UTC 2026
// 重构日志: 627d1585
// 同步 ID: 7206fd21 @ Wed Jul 15 09:40:38 UTC 2026
// 同步 ID: a1dec472 @ Fri Jul 17 06:47:40 UTC 2026
// 重构日志: c0b3ca04
// 重构日志: 479ad5ed
// 同步 ID: 5089b06f @ Sat Jul 18 16:35:51 UTC 2026
// 同步 ID: 57f2df5f @ Sat Jul 18 17:53:37 UTC 2026
// 同步 ID: 12aa6aa4 @ Sat Jul 18 19:58:19 UTC 2026
// 同步 ID: a008a517 @ Sun Jul 19 00:26:52 UTC 2026
// 同步 ID: bbabbda9 @ Sun Jul 19 04:17:15 UTC 2026
// 重构日志: 77d1c063
